<?xml version="1.0" encoding="UTF-8"?>
<!-- Generated by org.testng.reporters.JUnitXMLReporter -->
<testsuite ignored="0" hostname="Faculty-pc-5" failures="0" tests="6" name="Default test" time="27.382" errors="0" timestamp="2024-10-17T14:37:30 IST">
  <testcase classname="com.mvn.HybridDrivenFW" name="test" time="4.347"/>
  <testcase classname="com.mvn.HybridDrivenFW" name="test" time="3.75"/>
  <testcase classname="com.mvn.HybridDrivenFW" name="test" time="2.07"/>
  <testcase classname="com.mvn.HybridDrivenFW" name="test" time="2.051"/>
  <testcase classname="com.mvn.HybridDrivenFW" name="test" time="14.373"/>
  <testcase classname="com.mvn.HybridDrivenFW" name="test" time="0.204"/>
</testsuite> <!-- Default test -->
