<?xml version="1.0" encoding="UTF-8"?>
<testng-results ignored="0" total="6" passed="6" failed="0" skipped="0">
  <reporter-output>
  </reporter-output>
  <suite started-at="2024-10-17T14:37:03 IST" name="Default suite" finished-at="2024-10-17T14:37:30 IST" duration-ms="27382">
    <groups>
    </groups>
    <test started-at="2024-10-17T14:37:03 IST" name="Default test" finished-at="2024-10-17T14:37:30 IST" duration-ms="27382">
      <class name="com.mvn.HybridDrivenFW">
        <test-method signature="test(java.lang.String,java.lang.String)[pri:0, instance:com.mvn.HybridDrivenFW@15bb5034]" started-at="2024-10-17T14:37:03 IST" name="test" data-provider="tanvi" finished-at="2024-10-17T14:37:08 IST" duration-ms="4347" status="PASS">
          <params>
            <param index="0">
              <value>
                <![CDATA[open browser]]>
              </value>
            </param>
            <param index="1">
              <value>
                <![CDATA[NA]]>
              </value>
            </param>
          </params>
          <reporter-output>
          </reporter-output>
        </test-method> <!-- test -->
        <test-method signature="test(java.lang.String,java.lang.String)[pri:0, instance:com.mvn.HybridDrivenFW@15bb5034]" started-at="2024-10-17T14:37:08 IST" name="test" data-provider="tanvi" finished-at="2024-10-17T14:37:11 IST" duration-ms="3750" status="PASS">
          <params>
            <param index="0">
              <value>
                <![CDATA[enter url]]>
              </value>
            </param>
            <param index="1">
              <value>
                <![CDATA[https://www.saucedemo.com/]]>
              </value>
            </param>
          </params>
          <reporter-output>
          </reporter-output>
        </test-method> <!-- test -->
        <test-method signature="test(java.lang.String,java.lang.String)[pri:0, instance:com.mvn.HybridDrivenFW@15bb5034]" started-at="2024-10-17T14:37:11 IST" name="test" data-provider="tanvi" finished-at="2024-10-17T14:37:14 IST" duration-ms="2070" status="PASS">
          <params>
            <param index="0">
              <value>
                <![CDATA[enter username]]>
              </value>
            </param>
            <param index="1">
              <value>
                <![CDATA[standard_user]]>
              </value>
            </param>
          </params>
          <reporter-output>
          </reporter-output>
        </test-method> <!-- test -->
        <test-method signature="test(java.lang.String,java.lang.String)[pri:0, instance:com.mvn.HybridDrivenFW@15bb5034]" started-at="2024-10-17T14:37:14 IST" name="test" data-provider="tanvi" finished-at="2024-10-17T14:37:16 IST" duration-ms="2051" status="PASS">
          <params>
            <param index="0">
              <value>
                <![CDATA[enter password]]>
              </value>
            </param>
            <param index="1">
              <value>
                <![CDATA[secret_sauce]]>
              </value>
            </param>
          </params>
          <reporter-output>
          </reporter-output>
        </test-method> <!-- test -->
        <test-method signature="test(java.lang.String,java.lang.String)[pri:0, instance:com.mvn.HybridDrivenFW@15bb5034]" started-at="2024-10-17T14:37:16 IST" name="test" data-provider="tanvi" finished-at="2024-10-17T14:37:30 IST" duration-ms="14373" status="PASS">
          <params>
            <param index="0">
              <value>
                <![CDATA[click login]]>
              </value>
            </param>
            <param index="1">
              <value>
                <![CDATA[NA]]>
              </value>
            </param>
          </params>
          <reporter-output>
          </reporter-output>
        </test-method> <!-- test -->
        <test-method signature="test(java.lang.String,java.lang.String)[pri:0, instance:com.mvn.HybridDrivenFW@15bb5034]" started-at="2024-10-17T14:37:30 IST" name="test" data-provider="tanvi" finished-at="2024-10-17T14:37:30 IST" duration-ms="204" status="PASS">
          <params>
            <param index="0">
              <value>
                <![CDATA[close browser]]>
              </value>
            </param>
            <param index="1">
              <value>
                <![CDATA[NA]]>
              </value>
            </param>
          </params>
          <reporter-output>
          </reporter-output>
        </test-method> <!-- test -->
      </class> <!-- com.mvn.HybridDrivenFW -->
    </test> <!-- Default test -->
  </suite> <!-- Default suite -->
</testng-results>
